> $ python3 recommendation.py
#############
Welcome! This is the system that take as input a song and it will suggest a list of {} songs similar to it calculated with a estimated Jaccard Similarity (MinHash)
These are example songs which you can choose from
	Wilson Pickett - Un'avventura
	Moltheni - Nutriente
	Paola e Chiara - A modo mio
	Sally Oldfield - I sing for you
	I Gens - La stagione di un fiore
	Bruno Rosettani & Trio Aurora - Zucchero e pepe
	Mau Mau - An Viagi
	Marina Rei - Pazza Di Te
	Mario Castelnuovo - Nina
	Ivano Fossati - Lindbergh
Write 'x' to stop the program
If you want help, you might write 'h' or 'help' to show a list of songs you might look for
#############
Please enter the author or the title of a song (or part of it): a modo mio
Maybe you meant A Modo Mio by Negrita? [Y/n]
n
Maybe you meant A modo mio by Paola e Chiara? [Y/n]
n
Maybe you meant A modo mio by Gianni Nazzaro? [Y/n]
n
Sorry, I didn't quite catch the song you're referring too, please try again
Please enter the author or the title of a song (or part of it): a modo mio
Maybe you meant A Modo Mio by Negrita? [Y/n]

Good choice
You chose A Modo Mio by Negrita


Here the list of suggested songs:
 La pianta tè by Ivano Fossati 	0.921875
 Straordinariamente by Adriano Celentano 	0.8671875
 Cerco un gesto naturale by Giorgio Gaber 	0.8671875
 Se le cose stanno così by Sergio Endrigo 	0.859375
 Karma Parente by Marco Parente 	0.859375

Please enter the author or the title of a song (or part of it): La pianta te
Maybe you meant La pianta tè by Ivano Fossati? [Y/n]
yes
Good choice
You chose La pianta tè by Ivano Fossati


Here the list of suggested songs:
 A Modo Mio by Negrita 	0.921875
 Il mare immenso by Giusy Ferreri 	0.90625
 Offeso by Niccolò Fabi 	0.890625
 Per Le Mie Mani by Luca Dirisio 	0.8828125
 L'Uomo Che Amava Le Donne by Nina Zilli 	0.8828125

Please enter the author or the title of a song (or part of it): h
These are example songs which you can choose from
	Natalino Otto - Mogliettina
	Leila Selli - Sola in due
	Ligabue - Balliamo sul mondo
	Giorgio Gaber - Mai, mai, mai, Valentina
	Aurelio Fierro - Lì per lì
	Ricchi e Poveri - Dolce frutto
	Sergio Endrigo - Ci Vuole Un Fiore
	Laura Pausini - La solitudine
	Negrita - Paradisi Per Illusi
	Rossana Casale & Grazia Di Michele - Gli amori diversi
Please enter the author or the title of a song (or part of it): Gli Amori
Maybe you meant Gli amori by Toto Cutugno? [Y/n]
n
Maybe you meant Gli amori diversi by Rossana Casale & Grazia Di Michele? [Y/n]
y
Good choice
You chose Gli amori diversi by Rossana Casale & Grazia Di Michele


Here the list of suggested songs:
 Lì per lì by Aurelio Fierro 	0.9453125
 Re di cuori by Caterina Caselli 	0.9375
 Nina by Mario Castelnuovo 	0.9375
 Re di cuori by Nino Ferrer 	0.9375
 Un piccolo amore by Alina 	0.9296875

Please enter the author or the title of a song (or part of it): Nina
Maybe you meant L'Inferno by Nina Zilli? [Y/n]
y
Good choice
You chose L'Inferno by Nina Zilli


Here the list of suggested songs:
 Abbiamo vinto un'altra guerra by Motta 	0.890625
 No amore by Sacha Distel 	0.875
 Frisco by Paolo Conte 	0.875
 No amore by Giusy Romeo 	0.875
 Maledetta primavera by Loretta Goggi 	0.875

Please enter the author or the title of a song (or part of it): x
Thank you!
